This is pdfeTeX, Version 3.141592-1.21a-2.2 (MiKTeX 2.4) (preloaded format=latex 2008.6.28)  9 OCT 2010 11:08
entering extended mode
**2-31.tex
(2-31.tex
LaTeX2e <2005/12/01>
Babel <v3.8g> and hyphenation patterns for english, dumylang, nohyphenation, ge
rman, ngerman, french, loaded.
(C:\CTeX\texmf\tex\latex\base\book.cls
Document Class: book 2005/09/16 v1.4f Standard LaTeX document class
(C:\CTeX\texmf\tex\latex\base\bk10.clo
File: bk10.clo 2005/09/16 v1.4f Standard LaTeX file (size option)
)
\c@part=\count79
\c@chapter=\count80
\c@section=\count81
\c@subsection=\count82
\c@subsubsection=\count83
\c@paragraph=\count84
\c@subparagraph=\count85
\c@figure=\count86
\c@table=\count87
\abovecaptionskip=\skip41
\belowcaptionskip=\skip42
\bibindent=\dimen102
)
(C:\CTeX\texmf\tex\latex\geometry\geometry.sty
Package: geometry 2002/07/08 v3.2 Page Geometry

(C:\CTeX\texmf\tex\latex\graphics\keyval.sty
Package: keyval 1999/03/16 v1.13 key=value parser (DPC)
\KV@toks@=\toks14
)
\Gm@cnth=\count88
\Gm@cntv=\count89
\c@Gm@tempcnt=\count90
\Gm@bindingoffset=\dimen103
\Gm@wd@mp=\dimen104
\Gm@odd@mp=\dimen105
\Gm@even@mp=\dimen106
\Gm@dimlist=\toks15

(C:\CTeX\texmf\tex\latex\geometry\geometry.cfg)

Package geometry Warning: `bmargin' results in NEGATIVE (-61.90552pt).
    `height' or `tmargin' should be shortened in length.

) (C:\CTeX\localtexmf\tex\latex\ctex\ctex.sty
Package: ctex 2006/06/09 v0.8 ctex macros package

(C:\CTeX\texmf\tex\latex\tools\indentfirst.sty
Package: indentfirst 1995/11/23 v1.03 Indent first paragraph (DPC)
)
(C:\CTeX\texmf\tex\latex\type1cm\type1cm.sty
Package: type1cm 2002/09/05 v0.04 BlueSky/Y&Y Type1 CM font definitions (DPC, p
atched RF)
)
(C:\CTeX\localtexmf\tex\latex\ctex\ctexcjk.clo
File: ctexcjk.clo 2006/06/09 v0.8 ctex document class option

(C:\CTeX\localtexmf\tex\latex\CJK\CJK.sty
Package: CJK 2005/08/11 4.6.0

(C:\CTeX\localtexmf\tex\latex\CJK\mule\MULEenc.sty
File: MULEenc.sty 2005/08/11 4.6.0
)
(C:\CTeX\localtexmf\tex\latex\CJK\CJK.enc
File: CJK.enc 2005/08/11 4.6.0
)
LaTeX Info: Redefining \selectfont on input line 655.
\CJK@indent=\box26
)
(C:\CTeX\localtexmf\tex\latex\CJK\CJKnumb.sty
Package: CJKnumb 2005/08/11 4.6.0
\CJK@q=\count91
\CJK@r=\count92
)
(C:\CTeX\localtexmf\tex\latex\ctex\CJKpunct.sty
Package: CJKpunct 2005/10/18 4.6.0
LaTeX Info: Redefining \texttt on input line 419.
)
\ccwd=\dimen107
)
\CTEX@q=\count93
\CTEX@r=\count94
)
(C:\CTeX\localtexmf\tex\latex\ctex\ctex.def
File: ctex.def 2006/06/09 v0.8 ctex configuration file
)
(C:\CTeX\localtexmf\tex\latex\ctex\ctex.cfg
File: ctex.cfg 2006/06/09 v0.8 ctex configuration file
)
(C:\CTeX\texmf\tex\latex\graphics\graphicx.sty
Package: graphicx 1999/02/16 v1.0f Enhanced LaTeX Graphics (DPC,SPQR)

(C:\CTeX\texmf\tex\latex\graphics\graphics.sty
Package: graphics 2006/02/20 v1.0o Standard LaTeX Graphics (DPC,SPQR)

(C:\CTeX\texmf\tex\latex\graphics\trig.sty
Package: trig 1999/03/16 v1.09 sin cos tan (DPC)
)
(C:\CTeX\texmf\tex\latex\00miktex\graphics.cfg
File: graphics.cfg 2005/12/29 v1.2 MiKTeX 'graphics' configuration
)
Package graphics Info: Driver file: pdftex.def on input line 90.

(C:\CTeX\texmf\tex\latex\graphics\pdftex.def
File: pdftex.def 2006/08/14 v0.03t Graphics/color for pdfTeX
\Gread@gobject=\count95
))
\Gin@req@height=\dimen108
\Gin@req@width=\dimen109
) (2-31.aux)
LaTeX Font Info:    Checking defaults for OML/cmm/m/it on input line 6.
LaTeX Font Info:    ... okay on input line 6.
LaTeX Font Info:    Checking defaults for T1/cmr/m/n on input line 6.
LaTeX Font Info:    ... okay on input line 6.
LaTeX Font Info:    Checking defaults for OT1/cmr/m/n on input line 6.
LaTeX Font Info:    ... okay on input line 6.
LaTeX Font Info:    Checking defaults for OMS/cmsy/m/n on input line 6.
LaTeX Font Info:    ... okay on input line 6.
LaTeX Font Info:    Checking defaults for OMX/cmex/m/n on input line 6.
LaTeX Font Info:    ... okay on input line 6.
LaTeX Font Info:    Checking defaults for U/cmr/m/n on input line 6.
LaTeX Font Info:    ... okay on input line 6.
LaTeX Font Info:    Checking defaults for C00/song/m/n on input line 6.
LaTeX Font Info:    ... okay on input line 6.
LaTeX Font Info:    Checking defaults for C09/song/m/n on input line 6.
LaTeX Font Info:    ... okay on input line 6.
LaTeX Font Info:    Checking defaults for C10/song/m/n on input line 6.
LaTeX Font Info:    ... okay on input line 6.
LaTeX Font Info:    Checking defaults for C20/song/m/n on input line 6.
LaTeX Font Info:    ... okay on input line 6.
LaTeX Font Info:    Checking defaults for C19/song/m/n on input line 6.
LaTeX Font Info:    ... okay on input line 6.
LaTeX Font Info:    Checking defaults for C40/song/m/n on input line 6.
LaTeX Font Info:    ... okay on input line 6.
LaTeX Font Info:    Checking defaults for C42/song/m/n on input line 6.
LaTeX Font Info:    ... okay on input line 6.
LaTeX Font Info:    Checking defaults for C43/song/m/n on input line 6.
LaTeX Font Info:    ... okay on input line 6.
LaTeX Font Info:    Checking defaults for C50/song/m/n on input line 6.
LaTeX Font Info:    ... okay on input line 6.
LaTeX Font Info:    Checking defaults for C52/song/m/n on input line 6.
LaTeX Font Info:    ... okay on input line 6.
LaTeX Font Info:    Checking defaults for C49/song/m/n on input line 6.
LaTeX Font Info:    ... okay on input line 6.
LaTeX Font Info:    Checking defaults for C60/mj/m/n on input line 6.
LaTeX Font Info:    ... okay on input line 6.
LaTeX Font Info:    Checking defaults for C61/mj/m/n on input line 6.
LaTeX Font Info:    ... okay on input line 6.
LaTeX Font Info:    Checking defaults for C63/mj/m/n on input line 6.
LaTeX Font Info:    ... okay on input line 6.
LaTeX Font Info:    Checking defaults for C64/mj/m/n on input line 6.
LaTeX Font Info:    ... okay on input line 6.
LaTeX Font Info:    Checking defaults for C65/mj/m/n on input line 6.
LaTeX Font Info:    ... okay on input line 6.
LaTeX Font Info:    Checking defaults for C70/song/m/n on input line 6.
LaTeX Font Info:    ... okay on input line 6.
LaTeX Font Info:    Checking defaults for C31/song/m/n on input line 6.
LaTeX Font Info:    ... okay on input line 6.
LaTeX Font Info:    Checking defaults for C32/song/m/n on input line 6.
LaTeX Font Info:    ... okay on input line 6.
LaTeX Font Info:    Checking defaults for C33/song/m/n on input line 6.
LaTeX Font Info:    ... okay on input line 6.
LaTeX Font Info:    Checking defaults for C34/song/m/n on input line 6.
LaTeX Font Info:    ... okay on input line 6.
LaTeX Font Info:    Checking defaults for C35/song/m/n on input line 6.
LaTeX Font Info:    ... okay on input line 6.
LaTeX Font Info:    Checking defaults for C36/song/m/n on input line 6.
LaTeX Font Info:    ... okay on input line 6.
LaTeX Font Info:    Checking defaults for C37/song/m/n on input line 6.
LaTeX Font Info:    ... okay on input line 6.
LaTeX Font Info:    Checking defaults for C80/song/m/n on input line 6.
LaTeX Font Info:    ... okay on input line 6.
LaTeX Font Info:    Checking defaults for C81/song/m/n on input line 6.
LaTeX Font Info:    ... okay on input line 6.
LaTeX Font Info:    Checking defaults for C01/song/m/n on input line 6.
LaTeX Font Info:    ... okay on input line 6.
LaTeX Font Info:    Checking defaults for C11/song/m/n on input line 6.
LaTeX Font Info:    ... okay on input line 6.
LaTeX Font Info:    Checking defaults for C21/song/m/n on input line 6.
LaTeX Font Info:    ... okay on input line 6.
LaTeX Font Info:    Checking defaults for C41/song/m/n on input line 6.
LaTeX Font Info:    ... okay on input line 6.
LaTeX Font Info:    Checking defaults for C62/song/m/n on input line 6.
LaTeX Font Info:    ... okay on input line 6.
LaTeX Font Info:    Try loading font information for OT1+ptm on input line 6.

(C:\CTeX\texmf\tex\latex\psnfss\ot1ptm.fd
File: ot1ptm.fd 2001/06/04 font definitions for OT1/ptm.
)
-------------------- Geometry parameters
paper: user defined
landscape: --
twocolumn: --
twoside: true
asymmetric: --
h-parts: 4.2679pt, 176.40707pt, 4.26793pt
v-parts: 5.0pt, 113.81102pt, -61.90552pt
hmarginratio: --
vmarginratio: --
lines: --
heightrounded: --
bindingoffset: 0.0pt
truedimen: --
includehead: --
includefoot: --
includemp: --
driver: pdftex
-------------------- Page layout dimensions and switches
\paperwidth  184.9429pt
\paperheight 56.9055pt
\textwidth  176.40707pt
\textheight 113.81102pt
\oddsidemargin  -68.00209pt
\evensidemargin -68.00206pt
\topmargin  -97.33748pt
\headheight 12.0pt
\headsep    18.06749pt
\footskip   25.29494pt
\marginparwidth 125.0pt
\marginparsep   7.0pt
\columnsep  10.0pt
\skip\footins  9.0pt plus 4.0pt minus 2.0pt
\hoffset 0.0pt
\voffset 0.0pt
\mag 1000
\@twosidetrue \@mparswitchtrue 
(1in=72.27pt, 1cm=28.45pt)
-----------------------

(C:\CTeX\texmf\tex\context\base\supp-pdf.tex
(C:\CTeX\texmf\tex\context\base\supp-mis.tex
loading : Context Support Macros / Miscellaneous (2004.10.26)
\protectiondepth=\count96
\scratchcounter=\count97
\scratchtoks=\toks16
\scratchdimen=\dimen110
\scratchskip=\skip43
\scratchmuskip=\muskip10
\scratchbox=\box27
\scratchread=\read1
\scratchwrite=\write3
\zeropoint=\dimen111
\onepoint=\dimen112
\onebasepoint=\dimen113
\minusone=\count98
\thousandpoint=\dimen114
\onerealpoint=\dimen115
\emptytoks=\toks17
\nextbox=\box28
\nextdepth=\dimen116
\everyline=\toks18
\!!counta=\count99
\!!countb=\count100
\recursecounter=\count101
)
loading : Context Support Macros / PDF (2004.03.26)
\nofMPsegments=\count102
\nofMParguments=\count103
\MPscratchCnt=\count104
\MPscratchDim=\dimen117
\MPnumerator=\count105
\everyMPtoPDFconversion=\toks19
) (C:\CTeX\localtexmf\tex\latex\CJK\standard.bdg
File: standard.bdg 2005/08/11 4.6.0
)
(C:\CTeX\localtexmf\tex\latex\CJK\extended.enc
File: extended.enc 2005/08/11 4.6.0
)
(C:\CTeX\localtexmf\tex\latex\ctex\extended.chx
File: extended.chx 2004/02/13 4.5.2
)
(C:\CTeX\localtexmf\tex\latex\cct\GBKkern.cfg)
\Mylogo=\box29

<fig-box1.pdf, id=1, 42.67915pt x 42.67915pt>
File: fig-box1.pdf Graphic file (type pdf)
 <use fig-box1.pdf> [1{psfonts.map}

 <fig-box1.pdf>] (2-31.aux) ) 
Here is how much of TeX's memory you used:
 2894 strings out of 95503
 33815 string characters out of 1189277
 99671 words of memory out of 1103371
 5921 multiletter control sequences out of 60000
 5754 words of font info for 17 fonts, out of 1000000 for 2000
 14 hyphenation exceptions out of 8191
 29i,5n,31p,226b,386s stack positions out of 5000i,500n,10000p,200000b,32768s
PDF statistics:
 16 PDF objects out of 300000
 0 named destinations out of 300000
 6 words of extra memory for PDF output out of 65536
{8r.enc}<C:\CTeX\texmf\fonts\type1\urw\times\utmr8
a.pfb>
Output written on 2-31.pdf (1 page, 66029 bytes).
