This is pdfeTeX, Version 3.141592-1.21a-2.2 (MiKTeX 2.4) (preloaded format=latex 2008.6.28)  13 SEP 2010 17:18
entering extended mode
**11-2.tex
(11-2.tex
LaTeX2e <2005/12/01>
Babel <v3.8g> and hyphenation patterns for english, dumylang, nohyphenation, ge
rman, ngerman, french, loaded.
(C:\CTeX\texmf\tex\latex\base\book.cls
Document Class: book 2005/09/16 v1.4f Standard LaTeX document class
(C:\CTeX\texmf\tex\latex\base\bk10.clo
File: bk10.clo 2005/09/16 v1.4f Standard LaTeX file (size option)
)
\c@part=\count79
\c@chapter=\count80
\c@section=\count81
\c@subsection=\count82
\c@subsubsection=\count83
\c@paragraph=\count84
\c@subparagraph=\count85
\c@figure=\count86
\c@table=\count87
\abovecaptionskip=\skip41
\belowcaptionskip=\skip42
\bibindent=\dimen102
)
(C:\CTeX\texmf\tex\latex\geometry\geometry.sty
Package: geometry 2002/07/08 v3.2 Page Geometry

(C:\CTeX\texmf\tex\latex\graphics\keyval.sty
Package: keyval 1999/03/16 v1.13 key=value parser (DPC)
\KV@toks@=\toks14
)
\Gm@cnth=\count88
\Gm@cntv=\count89
\c@Gm@tempcnt=\count90
\Gm@bindingoffset=\dimen103
\Gm@wd@mp=\dimen104
\Gm@odd@mp=\dimen105
\Gm@even@mp=\dimen106
\Gm@dimlist=\toks15

(C:\CTeX\texmf\tex\latex\geometry\geometry.cfg)

Package geometry Warning: `bmargin' results in NEGATIVE (-58.45276pt).
    `height' or `tmargin' should be shortened in length.

) (11-2.aux)
LaTeX Font Info:    Checking defaults for OML/cmm/m/it on input line 3.
LaTeX Font Info:    ... okay on input line 3.
LaTeX Font Info:    Checking defaults for T1/cmr/m/n on input line 3.
LaTeX Font Info:    ... okay on input line 3.
LaTeX Font Info:    Checking defaults for OT1/cmr/m/n on input line 3.
LaTeX Font Info:    ... okay on input line 3.
LaTeX Font Info:    Checking defaults for OMS/cmsy/m/n on input line 3.
LaTeX Font Info:    ... okay on input line 3.
LaTeX Font Info:    Checking defaults for OMX/cmex/m/n on input line 3.
LaTeX Font Info:    ... okay on input line 3.
LaTeX Font Info:    Checking defaults for U/cmr/m/n on input line 3.
LaTeX Font Info:    ... okay on input line 3.
-------------------- Geometry parameters
paper: user defined
landscape: --
twocolumn: --
twoside: true
asymmetric: --
h-parts: 8.53581pt, 295.90866pt, 36.98859pt
v-parts: 30.0pt, 128.0374pt, -58.45276pt
hmarginratio: --
vmarginratio: --
lines: --
heightrounded: --
bindingoffset: 0.0pt
truedimen: --
includehead: --
includefoot: --
includemp: --
driver: pdftex
-------------------- Page layout dimensions and switches
\paperwidth  341.43306pt
\paperheight 99.58464pt
\textwidth  295.90866pt
\textheight 128.0374pt
\oddsidemargin  -63.73418pt
\evensidemargin -35.2814pt
\topmargin  -72.33748pt
\headheight 12.0pt
\headsep    18.06749pt
\footskip   25.29494pt
\marginparwidth 125.0pt
\marginparsep   7.0pt
\columnsep  10.0pt
\skip\footins  9.0pt plus 4.0pt minus 2.0pt
\hoffset 0.0pt
\voffset 0.0pt
\mag 1000
\@twosidetrue \@mparswitchtrue 
(1in=72.27pt, 1cm=28.45pt)
-----------------------
Missing character: There is no ¡ in font cmr10!
Missing character: There is no ¯ in font cmr10!

Overfull \hbox (12.78574pt too wide) in paragraph at lines 7--9
[]\OT1/cmr/m/n/10 One may flush out all the un-pro-cessed floats by is-su-ing a
 []\OT1/cmtt/m/n/10 \clearpage
 []

[1{psfonts.map}

] (11-2.aux) ) 
Here is how much of TeX's memory you used:
 600 strings out of 95503
 7284 string characters out of 1189277
 55779 words of memory out of 1059479
 3762 multiletter control sequences out of 60000
 4161 words of font info for 16 fonts, out of 1000000 for 2000
 14 hyphenation exceptions out of 8191
 24i,4n,31p,227b,141s stack positions out of 5000i,500n,10000p,200000b,32768s
PDF statistics:
 10 PDF objects out of 300000
 0 named destinations out of 300000
 1 words of extra memory for PDF output out of 65536
<C:\CTeX\texmf\fonts\type1\bluesky\cm\cmtt10.pfb><C:\CTeX\texmf\f
onts\type1\bluesky\cm\cmr10.pfb>
Output written on 11-2.pdf (1 page, 14650 bytes).
