This is pdfTeX, Version 3.1415926-2.3-1.40.12 (MiKTeX 2.9) (preloaded format=pdflatex 2014.10.4)  4 OCT 2014 19:56
entering extended mode
**ctextemp_matH.tex
("E:\Project\Latex learning\第八章 数学式\ctextemp_matH.tex"
LaTeX2e <2011/06/27>
Babel <v3.8m> and hyphenation patterns for loaded.
("D:\program files\CTEX\MiKTeX\tex\latex\base\book.cls"
Document Class: book 2007/10/19 v1.4h Standard LaTeX document class
("D:\program files\CTEX\MiKTeX\tex\latex\base\bk10.clo"
File: bk10.clo 2007/10/19 v1.4h Standard LaTeX file (size option)
)
\c@part=\count79
\c@chapter=\count80
\c@section=\count81
\c@subsection=\count82
\c@subsubsection=\count83
\c@paragraph=\count84
\c@subparagraph=\count85
\c@figure=\count86
\c@table=\count87
\abovecaptionskip=\skip41
\belowcaptionskip=\skip42
\bibindent=\dimen102
)
("D:\program files\CTEX\MiKTeX\tex\latex\ams\math\amsmath.sty"
Package: amsmath 2000/07/18 v2.13 AMS math features
\@mathmargin=\skip43

For additional information on amsmath, use the `?' option.
("D:\program files\CTEX\MiKTeX\tex\latex\ams\math\amstext.sty"
Package: amstext 2000/06/29 v2.01

("D:\program files\CTEX\MiKTeX\tex\latex\ams\math\amsgen.sty"
File: amsgen.sty 1999/11/30 v2.0
\@emptytoks=\toks14
\ex@=\dimen103
))
("D:\program files\CTEX\MiKTeX\tex\latex\ams\math\amsbsy.sty"
Package: amsbsy 1999/11/29 v1.2d
\pmbraise@=\dimen104
)
("D:\program files\CTEX\MiKTeX\tex\latex\ams\math\amsopn.sty"
Package: amsopn 1999/12/14 v2.01 operator names
)
\inf@bad=\count88
LaTeX Info: Redefining \frac on input line 211.
\uproot@=\count89
\leftroot@=\count90
LaTeX Info: Redefining \overline on input line 307.
\classnum@=\count91
\DOTSCASE@=\count92
LaTeX Info: Redefining \ldots on input line 379.
LaTeX Info: Redefining \dots on input line 382.
LaTeX Info: Redefining \cdots on input line 467.
\Mathstrutbox@=\box26
\strutbox@=\box27
\big@size=\dimen105
LaTeX Font Info:    Redeclaring font encoding OML on input line 567.
LaTeX Font Info:    Redeclaring font encoding OMS on input line 568.
\macc@depth=\count93
\c@MaxMatrixCols=\count94
\dotsspace@=\muskip10
\c@parentequation=\count95
\dspbrk@lvl=\count96
\tag@help=\toks15
\row@=\count97
\column@=\count98
\maxfields@=\count99
\andhelp@=\toks16
\eqnshift@=\dimen106
\alignsep@=\dimen107
\tagshift@=\dimen108
\tagwidth@=\dimen109
\totwidth@=\dimen110
\lineht@=\dimen111
\@envbody=\toks17
\multlinegap=\skip44
\multlinetaggap=\skip45
\mathdisplay@stack=\toks18
LaTeX Info: Redefining \[ on input line 2666.
LaTeX Info: Redefining \] on input line 2667.
)
("D:\program files\CTEX\MiKTeX\tex\latex\ctex\ctex.sty"
Package: ctex 2011/03/11 v1.02c ctex macros package

("D:\program files\CTEX\MiKTeX\tex\latex\ctex\opt\ctex-common-opts.def")
("D:\program files\CTEX\CTeX\tex\latex\ctex\cfg\ctexopts.cfg")
("D:\program files\CTEX\MiKTeX\tex\latex\ctex\def\ctex-common.def"
("D:\program files\CTEX\MiKTeX\tex\latex\l3kernel\expl3.sty"
("D:\program files\CTEX\MiKTeX\tex\latex\l3kernel\l3names.sty"
("D:\program files\CTEX\MiKTeX\tex\latex\l3kernel\l3bootstrap.sty"
Package: l3bootstrap 2011/12/29 v3110 L3 Experimental bootstrap code
)
Package: l3names 2011/12/30 v3113 L3 Experimental namespace for primitives
)
("D:\program files\CTEX\MiKTeX\tex\latex\misc\etex.sty"
Package: etex 1998/03/26 v2.0 eTeX basic definition package (PEB)
\et@xins=\count100
)
Package: expl3 2012/02/26 v3471 L3 Experimental code bundle wrapper

("D:\program files\CTEX\MiKTeX\tex\latex\graphics\color.sty"
Package: color 2005/11/14 v1.0j Standard LaTeX Color (DPC)

("D:\program files\CTEX\MiKTeX\tex\latex\00miktex\color.cfg"
File: color.cfg 2007/01/18 v1.5 color configuration of teTeX/TeXLive
)
Package color Info: Driver file: pdftex.def on input line 130.

("D:\program files\CTEX\MiKTeX\tex\latex\pdftex-def\pdftex.def"
File: pdftex.def 2011/05/27 v0.06d Graphics/color for pdfTeX

("D:\program files\CTEX\MiKTeX\tex\generic\oberdiek\infwarerr.sty"
Package: infwarerr 2010/04/08 v1.3 Providing info/warning/message (HO)
)
("D:\program files\CTEX\MiKTeX\tex\generic\oberdiek\ltxcmds.sty"
Package: ltxcmds 2011/04/18 v1.20 LaTeX kernel commands for general use (HO)
)
\Gread@gobject=\count101
))
("D:\program files\CTEX\MiKTeX\tex\latex\graphics\graphics.sty"
Package: graphics 2009/02/05 v1.0o Standard LaTeX Graphics (DPC,SPQR)

("D:\program files\CTEX\MiKTeX\tex\latex\graphics\trig.sty"
Package: trig 1999/03/16 v1.09 sin cos tan (DPC)
)
("D:\program files\CTEX\MiKTeX\tex\latex\00miktex\graphics.cfg"
File: graphics.cfg 2007/01/18 v1.5 graphics configuration of teTeX/TeXLive
)
Package graphics Info: Driver file: pdftex.def on input line 91.
)
("D:\program files\CTEX\MiKTeX\tex\latex\l3kernel\l3basics.sty"
Package: l3basics 2012/02/26 v3460 L3 Experimental basic definitions
)
("D:\program files\CTEX\MiKTeX\tex\latex\l3kernel\l3expan.sty"
Package: l3expan 2012/02/26 v3460 L3 Experimental argument expansion
)
("D:\program files\CTEX\MiKTeX\tex\latex\l3kernel\l3tl.sty"
Package: l3tl 2012/02/26 v3460 L3 Experimental token lists
)
("D:\program files\CTEX\MiKTeX\tex\latex\l3kernel\l3seq.sty"
Package: l3seq 2012/01/09 v3158 L3 Experimental sequences and stacks
)
("D:\program files\CTEX\MiKTeX\tex\latex\l3kernel\l3int.sty"
Package: l3int 2012/02/26 v3460 L3 Experimental integers
\c_max_int=\count102
\l_tmpa_int=\count103
\l_tmpb_int=\count104
\l_tmpc_int=\count105
\g_tmpa_int=\count106
\g_tmpb_int=\count107
)
("D:\program files\CTEX\MiKTeX\tex\latex\l3kernel\l3quark.sty"
Package: l3quark 2012/02/12 v3384 L3 Experimental quarks
)
("D:\program files\CTEX\MiKTeX\tex\latex\l3kernel\l3prg.sty"
Package: l3prg 2012/02/26 v3464 L3 Experimental control structures
\g_prg_map_int=\count108
)
("D:\program files\CTEX\MiKTeX\tex\latex\l3kernel\l3clist.sty"
Package: l3clist 2012/02/26 v3460 L3 Experimental comma separated lists
)
("D:\program files\CTEX\MiKTeX\tex\latex\l3kernel\l3token.sty"
Package: l3token 2012/02/26 v3460 L3 Experimental token manipulation
)
("D:\program files\CTEX\MiKTeX\tex\latex\l3kernel\l3prop.sty"
Package: l3prop 2012/02/26 v3460 L3 Experimental property lists
)
("D:\program files\CTEX\MiKTeX\tex\latex\l3kernel\l3msg.sty"
Package: l3msg 2012/02/26 v3470 L3 Experimental messages
)
("D:\program files\CTEX\MiKTeX\tex\latex\l3kernel\l3file.sty"
Package: l3file 2012/02/26 v3464 L3 Experimental file and I/O operations
\l_iow_stream_int=\count109
\l_iow_line_length_int=\count110
\l_iow_target_length_int=\count111
\l_iow_current_line_int=\count112
\l_iow_current_word_int=\count113
\l_iow_current_indentation_int=\count114
)
("D:\program files\CTEX\MiKTeX\tex\latex\l3kernel\l3skip.sty"
Package: l3skip 2012/02/26 v3460 L3 Experimental dimensions and skips
\l_tmpa_dim=\dimen112
\l_tmpb_dim=\dimen113
\l_tmpc_dim=\dimen114
\g_tmpa_dim=\dimen115
\g_tmpb_dim=\dimen116
\l_tmpa_skip=\skip46
\l_tmpb_skip=\skip47
\l_tmpc_skip=\skip48
\g_tmpa_skip=\skip49
\g_tmpb_skip=\skip50
)
("D:\program files\CTEX\MiKTeX\tex\latex\l3kernel\l3keys.sty"
Package: l3keys 2011/12/22 v3086 L3 Experimental key-value interfaces
\g_keyval_level_int=\count115
\l_keys_choice_int=\count116
)
("D:\program files\CTEX\MiKTeX\tex\latex\l3kernel\l3fp.sty"
Package: l3fp 2012/02/06 v3315 L3 Experimental floating-point operations
\c_one_million=\count117
\c_one_hundred_million=\count118
\c_five_hundred_million=\count119
\c_one_thousand_million=\count120
\c_fp_pi_by_four_decimal_int=\count121
\c_fp_pi_by_four_extended_int=\count122
\c_fp_pi_decimal_int=\count123
\c_fp_pi_extended_int=\count124
\c_fp_two_pi_decimal_int=\count125
\c_fp_two_pi_extended_int=\count126
\l_fp_count_int=\count127
\l_fp_div_offset_int=\count128
\l_fp_exp_integer_int=\count129
\l_fp_exp_decimal_int=\count130
\l_fp_exp_extended_int=\count131
\l_fp_exp_exponent_int=\count132
\l_fp_input_a_sign_int=\count133
\l_fp_input_a_integer_int=\count134
\l_fp_input_a_decimal_int=\count135
\l_fp_input_a_exponent_int=\count136
\l_fp_input_b_sign_int=\count137
\l_fp_input_b_integer_int=\count138
\l_fp_input_b_decimal_int=\count139
\l_fp_input_b_exponent_int=\count140
\l_fp_input_a_extended_int=\count141
\l_fp_input_b_extended_int=\count142
\l_fp_mul_a_i_int=\count143
\l_fp_mul_a_ii_int=\count144
\l_fp_mul_a_iii_int=\count145
\l_fp_mul_a_iv_int=\count146
\l_fp_mul_a_v_int=\count147
\l_fp_mul_a_vi_int=\count148
\l_fp_mul_b_i_int=\count149
\l_fp_mul_b_ii_int=\count150
\l_fp_mul_b_iii_int=\count151
\l_fp_mul_b_iv_int=\count152
\l_fp_mul_b_v_int=\count153
\l_fp_mul_b_vi_int=\count154
\l_fp_mul_output_int=\count155
\l_fp_output_sign_int=\count156
\l_fp_output_integer_int=\count157
\l_fp_output_decimal_int=\count158
\l_fp_output_exponent_int=\count159
\l_fp_output_extended_int=\count160
\l_fp_round_position_int=\count161
\l_fp_round_target_int=\count162
\l_fp_split_sign_int=\count163
\l_fp_internal_int=\count164
\l_fp_trig_octant_int=\count165
\l_fp_trig_sign_int=\count166
\l_fp_trig_decimal_int=\count167
\l_fp_trig_extended_int=\count168
\l_fp_internal_dim=\dimen117
\l_fp_internal_skip=\skip51
)
("D:\program files\CTEX\MiKTeX\tex\latex\l3kernel\l3box.sty"
Package: l3box 2012/02/18 v3432 L3 Experimental boxes
\l_tmpb_box=\box28
\l_box_top_dim=\dimen118
\l_box_bottom_dim=\dimen119
\l_box_left_dim=\dimen120
\l_box_right_dim=\dimen121
\l_box_top_new_dim=\dimen122
\l_box_bottom_new_dim=\dimen123
\l_box_left_new_dim=\dimen124
\l_box_right_new_dim=\dimen125
\l_box_internal_box=\box29
)
("D:\program files\CTEX\MiKTeX\tex\latex\l3kernel\l3coffins.sty"
Package: l3coffins 2012/02/26 v3460 L3 Experimental coffin code layer
\l_coffin_internal_box=\box30
\l_coffin_internal_dim=\dimen126
\l_coffin_offset_x_dim=\dimen127
\l_coffin_offset_y_dim=\dimen128
\l_coffin_x_dim=\dimen129
\l_coffin_y_dim=\dimen130
\l_coffin_x_prime_dim=\dimen131
\l_coffin_y_prime_dim=\dimen132
\l_coffin_Depth_dim=\dimen133
\l_coffin_Height_dim=\dimen134
\l_coffin_TotalHeight_dim=\dimen135
\l_coffin_Width_dim=\dimen136
\c_empty_coffin=\box31
\l_coffin_aligned_coffin=\box32
\l_coffin_aligned_internal_coffin=\box33
\l_coffin_bounding_shift_dim=\dimen137
\l_coffin_left_corner_dim=\dimen138
\l_coffin_right_corner_dim=\dimen139
\l_coffin_bottom_corner_dim=\dimen140
\l_coffin_top_corner_dim=\dimen141
\l_coffin_scaled_total_height_dim=\dimen142
\l_coffin_scaled_width_dim=\dimen143
\l_coffin_display_coffin=\box34
\l_coffin_display_coord_coffin=\box35
\l_coffin_display_pole_coffin=\box36
\l_coffin_display_offset_dim=\dimen144
\l_coffin_display_x_dim=\dimen145
\l_coffin_display_y_dim=\dimen146
)
("D:\program files\CTEX\MiKTeX\tex\latex\l3kernel\l3color.sty"
Package: l3color 2011/09/07 v2776 L3 Experimental colour support
)
("D:\program files\CTEX\MiKTeX\tex\latex\l3kernel\l3luatex.sty"
Package: l3luatex 2012/02/09 v3355 L3 Experimental LuaTeX-specific functions
\g_cctab_allocate_int=\count169
\g_cctab_stack_int=\count170
))
("D:\program files\CTEX\MiKTeX\tex\latex\etoolbox\etoolbox.sty"
Package: etoolbox 2011/01/03 v2.1 e-TeX tools for LaTeX
\etb@tempcnta=\count171
)
("D:\program files\CTEX\MiKTeX\tex\generic\oberdiek\ifpdf.sty"
Package: ifpdf 2011/01/30 v2.3 Provides the ifpdf switch (HO)
Package ifpdf Info: pdfTeX in PDF mode is detected.
)
("D:\program files\CTEX\MiKTeX\tex\generic\ifxetex\ifxetex.sty"
Package: ifxetex 2010/09/12 v0.6 Provides ifxetex conditional
)
("D:\program files\CTEX\MiKTeX\tex\latex\graphics\keyval.sty"
Package: keyval 1999/03/16 v1.13 key=value parser (DPC)
\KV@toks@=\toks19
)
("D:\program files\CTEX\MiKTeX\tex\latex\tools\indentfirst.sty"
Package: indentfirst 1995/11/23 v1.03 Indent first paragraph (DPC)
)
("D:\program files\CTEX\MiKTeX\tex\latex\base\fix-cm.sty"
Package: fix-cm 2006/09/13 v1.1m fixes to LaTeX

("D:\program files\CTEX\MiKTeX\tex\latex\base\ts1enc.def"
File: ts1enc.def 2001/06/05 v3.0e (jk/car/fm) Standard LaTeX file
))
("D:\program files\CTEX\MiKTeX\tex\latex\ctex\engine\ctex-cjk-engine.def"
("D:\program files\CTEX\MiKTeX\tex\latex\cjk\CJK.sty"
Package: CJK 2008/12/29 4.8.2

("D:\program files\CTEX\MiKTeX\tex\latex\cjk\mule\MULEenc.sty"
Package: MULEenc 2008/12/29 4.8.2
)
("D:\program files\CTEX\MiKTeX\tex\latex\cjk\CJK.enc"
File: CJK.enc 2008/12/29 4.8.2
)
LaTeX Info: Redefining \selectfont on input line 756.
\CJK@indent=\box37
)
("D:\program files\CTEX\CTeX\tex\latex\CJKpunct\CJKpunct.sty"
Package: CJKpunct 2010/02/21 4.8.2-2
\CJKpunct@cnta=\count172
\CJKpunct@cntb=\count173
\CJKpunct@cntc=\count174
\CJKpunct@cntd=\count175
\CJKpunct@cnte=\count176

("D:\program files\CTEX\CTeX\tex\latex\CJKpunct\CJKpunct.spa"))
("D:\program files\CTEX\MiKTeX\tex\latex\ctex\engine\ctex-cjk-common.def"
\ccwd=\dimen147
)
("D:\program files\CTEX\MiKTeX\tex\latex\ctex\fontset\ctex-cjk-winfonts.def"
("D:\program files\CTEX\MiKTeX\tex\generic\zhmetrics\zhwinfonts.tex"
("D:\program files\CTEX\MiKTeX\tex\generic\oberdiek\ifpdf.sty"
Package ifpdf Info: The package is already loaded, stopped on input line 64.
){D:/program files/CTEX/UserData/pdftex/config/pdftex.map{Unicode.sfd}{UGBK.sfd
}})))
\CTEX@q=\count177
\CTEX@r=\count178
))
("D:\program files\CTEX\MiKTeX\tex\latex\ctex\def\ctex-gbk.def")
("D:\program files\CTEX\MiKTeX\tex\latex\ctex\cfg\ctex.cfg")
("E:\Project\Latex learning\第八章 数学式\ctextemp_matH.aux")
LaTeX Font Info:    Checking defaults for OML/cmm/m/it on input line 4.
LaTeX Font Info:    ... okay on input line 4.
LaTeX Font Info:    Checking defaults for T1/cmr/m/n on input line 4.
LaTeX Font Info:    ... okay on input line 4.
LaTeX Font Info:    Checking defaults for OT1/cmr/m/n on input line 4.
LaTeX Font Info:    ... okay on input line 4.
LaTeX Font Info:    Checking defaults for OMS/cmsy/m/n on input line 4.
LaTeX Font Info:    ... okay on input line 4.
LaTeX Font Info:    Checking defaults for OMX/cmex/m/n on input line 4.
LaTeX Font Info:    ... okay on input line 4.
LaTeX Font Info:    Checking defaults for U/cmr/m/n on input line 4.
LaTeX Font Info:    ... okay on input line 4.
LaTeX Font Info:    Checking defaults for TS1/cmr/m/n on input line 4.
LaTeX Font Info:    ... okay on input line 4.
LaTeX Font Info:    Checking defaults for C00/song/m/n on input line 4.
LaTeX Font Info:    ... okay on input line 4.
LaTeX Font Info:    Checking defaults for C05/song/m/n on input line 4.
LaTeX Font Info:    ... okay on input line 4.
LaTeX Font Info:    Checking defaults for C09/song/m/n on input line 4.
LaTeX Font Info:    ... okay on input line 4.
LaTeX Font Info:    Checking defaults for C10/song/m/n on input line 4.
LaTeX Font Info:    ... okay on input line 4.
LaTeX Font Info:    Checking defaults for C20/song/m/n on input line 4.
LaTeX Font Info:    ... okay on input line 4.
LaTeX Font Info:    Checking defaults for C19/song/m/n on input line 4.
LaTeX Font Info:    ... okay on input line 4.
LaTeX Font Info:    Checking defaults for C40/song/m/n on input line 4.
LaTeX Font Info:    ... okay on input line 4.
LaTeX Font Info:    Checking defaults for C42/song/m/n on input line 4.
LaTeX Font Info:    ... okay on input line 4.
LaTeX Font Info:    Checking defaults for C43/song/m/n on input line 4.
LaTeX Font Info:    ... okay on input line 4.
LaTeX Font Info:    Checking defaults for C50/song/m/n on input line 4.
LaTeX Font Info:    ... okay on input line 4.
LaTeX Font Info:    Checking defaults for C52/song/m/n on input line 4.
LaTeX Font Info:    ... okay on input line 4.
LaTeX Font Info:    Checking defaults for C49/song/m/n on input line 4.
LaTeX Font Info:    ... okay on input line 4.
LaTeX Font Info:    Checking defaults for C60/mj/m/n on input line 4.
LaTeX Font Info:    ... okay on input line 4.
LaTeX Font Info:    Checking defaults for C61/mj/m/n on input line 4.
LaTeX Font Info:    ... okay on input line 4.
LaTeX Font Info:    Checking defaults for C63/mj/m/n on input line 4.
LaTeX Font Info:    ... okay on input line 4.
LaTeX Font Info:    Checking defaults for C64/mj/m/n on input line 4.
LaTeX Font Info:    ... okay on input line 4.
LaTeX Font Info:    Checking defaults for C65/mj/m/n on input line 4.
LaTeX Font Info:    ... okay on input line 4.
LaTeX Font Info:    Checking defaults for C70/song/m/n on input line 4.
LaTeX Font Info:    ... okay on input line 4.
LaTeX Font Info:    Checking defaults for C31/song/m/n on input line 4.
LaTeX Font Info:    ... okay on input line 4.
LaTeX Font Info:    Checking defaults for C32/song/m/n on input line 4.
LaTeX Font Info:    ... okay on input line 4.
LaTeX Font Info:    Checking defaults for C33/song/m/n on input line 4.
LaTeX Font Info:    ... okay on input line 4.
LaTeX Font Info:    Checking defaults for C34/song/m/n on input line 4.
LaTeX Font Info:    ... okay on input line 4.
LaTeX Font Info:    Checking defaults for C35/song/m/n on input line 4.
LaTeX Font Info:    ... okay on input line 4.
LaTeX Font Info:    Checking defaults for C36/song/m/n on input line 4.
LaTeX Font Info:    ... okay on input line 4.
LaTeX Font Info:    Checking defaults for C37/song/m/n on input line 4.
LaTeX Font Info:    ... okay on input line 4.
LaTeX Font Info:    Checking defaults for C80/song/m/n on input line 4.
LaTeX Font Info:    ... okay on input line 4.
LaTeX Font Info:    Checking defaults for C81/song/m/n on input line 4.
LaTeX Font Info:    ... okay on input line 4.
LaTeX Font Info:    Checking defaults for C01/song/m/n on input line 4.
LaTeX Font Info:    ... okay on input line 4.
LaTeX Font Info:    Checking defaults for C11/song/m/n on input line 4.
LaTeX Font Info:    ... okay on input line 4.
LaTeX Font Info:    Checking defaults for C21/song/m/n on input line 4.
LaTeX Font Info:    ... okay on input line 4.
LaTeX Font Info:    Checking defaults for C41/song/m/n on input line 4.
LaTeX Font Info:    ... okay on input line 4.
LaTeX Font Info:    Checking defaults for C62/song/m/n on input line 4.
LaTeX Font Info:    ... okay on input line 4.

("D:\program files\CTEX\MiKTeX\tex\context\base\supp-pdf.mkii"
[Loading MPS to PDF converter (version 2006.09.02).]
\scratchcounter=\count179
\scratchdimen=\dimen148
\scratchbox=\box38
\nofMPsegments=\count180
\nofMParguments=\count181
\everyMPshowfont=\toks20
\MPscratchCnt=\count182
\MPscratchDim=\dimen149
\MPnumerator=\count183
\makeMPintoPDFobject=\count184
\everyMPtoPDFconversion=\toks21
) ("D:\program files\CTEX\MiKTeX\tex\latex\cjk\standard.bdg"
File: standard.bdg 2008/12/29 4.8.2
)
("D:\program files\CTEX\MiKTeX\tex\latex\cjk\extended.enc"
File: extended.enc 2008/12/29 4.8.2
)
("D:\program files\CTEX\MiKTeX\tex\latex\cjk\extended.chr"
File: extended.chr 2008/12/29 4.8.2
)
LaTeX Font Info:    Try loading font information for C19+rm on input line 5.

("D:\program files\CTEX\MiKTeX\tex\latex\ctex\fd\c19rm.fd"
File: c19rm.fd 2007/05/06 v0.8a ctex font definition file
)
Package CJKpunct Info: punctuation spaces for family 'zhsong' do not exist. Use
 family 'def' instead. on input line 5.
 [1

]
("E:\Project\Latex learning\第八章 数学式\ctextemp_matH.aux") ) 
Here is how much of TeX's memory you used:
 8595 strings out of 495354
 137467 string characters out of 3183075
 178737 words of memory out of 3000000
 11624 multiletter control sequences out of 15000+200000
 6798 words of font info for 25 fonts, out of 3000000 for 9000
 14 hyphenation exceptions out of 8191
 36i,15n,27p,841b,443s stack positions out of 5000i,500n,10000p,200000b,50000s
<C:/Window
s/Fonts/simsun.ttc><C:/Windows/Fonts/simsun.ttc><C:/Windows/Fonts/simsun.ttc><C
:/Windows/Fonts/simsun.ttc><C:/Windows/Fonts/simsun.ttc><C:/Windows/Fonts/simsu
n.ttc><C:/Windows/Fonts/simsun.ttc><C:/Windows/Fonts/simsun.ttc><D:/program fil
es/CTEX/MiKTeX/fonts/type1/public/amsfonts/cm/cmex10.pfb><D:/program files/CTEX
/MiKTeX/fonts/type1/public/amsfonts/cm/cmmi10.pfb><D:/program files/CTEX/MiKTeX
/fonts/type1/public/amsfonts/cm/cmmi7.pfb><D:/program files/CTEX/MiKTeX/fonts/t
ype1/public/amsfonts/cm/cmr10.pfb><D:/program files/CTEX/MiKTeX/fonts/type1/pub
lic/amsfonts/cm/cmr5.pfb><D:/program files/CTEX/MiKTeX/fonts/type1/public/amsfo
nts/cm/cmr7.pfb><D:/program files/CTEX/MiKTeX/fonts/type1/public/amsfonts/cm/cm
sy10.pfb>
Output written on ctextemp_matH.pdf (1 page, 79665 bytes).
PDF statistics:
 66 PDF objects out of 1000 (max. 8388607)
 0 named destinations out of 1000 (max. 500000)
 1 words of extra memory for PDF output out of 10000 (max. 10000000)

