\BOOKMARK [0][-]{chapter*.1}{摘 \040要}{}% 1
\BOOKMARK [0][-]{chapter*.2}{Abstract}{}% 2
\BOOKMARK [0][-]{chapter*.3}{目 \040录}{}% 3
\BOOKMARK [0][-]{chapter.1}{第一章 \040引言}{}% 4
\BOOKMARK [1][-]{section.1.1}{1.1 系统要求}{chapter.1}% 5
\BOOKMARK [1][-]{section.1.2}{1.2 下载与安装}{chapter.1}% 6
\BOOKMARK [1][-]{section.1.3}{1.3 宏包定制}{chapter.1}% 7
\BOOKMARK [1][-]{section.1.4}{1.4 问题反馈}{chapter.1}% 8
\BOOKMARK [0][-]{chapter.2}{第二章 \040数学公式}{}% 9
\BOOKMARK [0][-]{chapter.3}{第三章 \040表格图形}{}% 10
\BOOKMARK [1][-]{section.3.1}{3.1 表格}{chapter.3}% 11
\BOOKMARK [1][-]{section.3.2}{3.2 图形}{chapter.3}% 12
\BOOKMARK [2][-]{subsection.3.2.1}{3.2.1 浮动图形}{section.3.2}% 13
\BOOKMARK [0][-]{chapter.4}{第四章 \040常见问题}{}% 14
\BOOKMARK [1][-]{section.4.1}{4.1 表格}{chapter.4}% 15
\BOOKMARK [1][-]{section.4.2}{4.2 脚注}{chapter.4}% 16
\BOOKMARK [0][-]{appendix.A}{附录 A \040中国科学院研究生院学位论文撰写要求}{}% 17
\BOOKMARK [1][-]{section.A.1}{A.1 基本要求}{appendix.A}% 18
\BOOKMARK [2][-]{subsection.A.1.1}{A.1.1 硕士学位论文}{section.A.1}% 19
\BOOKMARK [2][-]{subsection.A.1.2}{A.1.2 博士学位论文}{section.A.1}% 20
\BOOKMARK [1][-]{section.A.2}{A.2 学位论文的组成部分和排列顺序}{appendix.A}% 21
\BOOKMARK [2][-]{subsection.A.2.1}{A.2.1 封面}{section.A.2}% 22
\BOOKMARK [2][-]{subsection.A.2.2}{A.2.2 论文摘要}{section.A.2}% 23
\BOOKMARK [2][-]{subsection.A.2.3}{A.2.3 论文目录}{section.A.2}% 24
\BOOKMARK [2][-]{subsection.A.2.4}{A.2.4 正文}{section.A.2}% 25
\BOOKMARK [2][-]{subsection.A.2.5}{A.2.5 参考文献}{section.A.2}% 26
\BOOKMARK [2][-]{subsection.A.2.6}{A.2.6 发表文章目录}{section.A.2}% 27
\BOOKMARK [2][-]{subsection.A.2.7}{A.2.7 致谢}{section.A.2}% 28
\BOOKMARK [1][-]{section.A.3}{A.3 学位论文的书写、装订要求}{appendix.A}% 29
\BOOKMARK [0][-]{appendix*.6}{参考文献}{}% 30
\BOOKMARK [0][-]{appendix*.7}{发表文章目录}{}% 31
\BOOKMARK [0][-]{appendix*.8}{简 \040历}{}% 32
\BOOKMARK [0][-]{appendix*.9}{致 \040谢}{}% 33
